1526762419858	geckodriver	INFO	geckodriver 0.19.1
1526762419866	geckodriver	INFO	Listening on 127.0.0.1:64044
1526762422975	mozrunner::runner	INFO	Running command: "C:\\Program Files\\Mozilla Firefox\\firefox.exe" "-marionette" "-profile" "C:\\Users\\kimoa\\AppData\\Local\\Temp\\rust_mozprofile.PvUdq55epUWk"
Unable to read VR Path Registry from C:\Users\kimoa\AppData\Local\openvr\openvrpaths.vrpath
1526762423736	Marionette	INFO	Enabled via --marionette
Unable to read VR Path Registry from C:\Users\kimoa\AppData\Local\openvr\openvrpaths.vrpath
Unable to read VR Path Registry from C:\Users\kimoa\AppData\Local\openvr\openvrpaths.vrpath
Unable to read VR Path Registry from C:\Users\kimoa\AppData\Local\openvr\openvrpaths.vrpath
Unable to read VR Path Registry from C:\Users\kimoa\AppData\Local\openvr\openvrpaths.vrpath
1526762426234	Marionette	INFO	Listening on port 64052
1526762426624	Marionette	WARN	TLS certificate errors will be ignored for this session
[Parent 14780, Gecko_IOThread] WARNING: pipe error: 109: file z:/build/build/src/ipc/chromium/src/chrome/common/ipc_channel_win.cc, line 346
[Parent 14780, Gecko_IOThread] WARNING: pipe error: 109: file z:/build/build/src/ipc/chromium/src/chrome/common/ipc_channel_win.cc, line 346
[Child 12968, Chrome_ChildThread] WARNING: pipe error: 109: file z:/build/build/src/ipc/chromium/src/chrome/common/ipc_channel_win.cc, line 346
[Child 12968, Chrome_Ch[Child 20920, Chrome_ChildThread] WARNING: pipe error: 109: file z:/build/build/src/ipc/chromium/src/chrome/common/ipc_channel_win.cc, line 346
[Child 20920, Chrome_ChildThread] WARNING: pipe error: 109: file z:/build/build/src/ipc/chromium/src/chrome/common/ipc_channe[Parent 14780, Gecko_IOThread] WARNING: pipe error: 109: file z:/build/build/src/ipc/chromium/src/chrome/common/ipc_channel_win.cc, line 346
[GPU 3936, Ch
###!!! [Child][MessageChannel::SendAndWait] Error: Channel error: cannot send/recv

ession
[Parent 19736, Gecko_IOThread] WARNING: pipe error: 109: file z:/build/build/src/ipc/chromium/src/chrome/common/ipc_channel_win.cc, line 346
[Parent 19736, Gecko_IOThread] WARNING: pipe error: 109: file z:/build/build/src/ipc/chromium/src/chrome/common/ipc_channel_win.cc, line 346
[Child 8272, Chrome_ChildThread] WARNING: pipe error: 109: file z:/build/build/src/ipc/chromium/src/chrome/common/ipc_channel_win.cc, line 346
[Child 8272, Chrome_ChildThread] WARNING: pipe error: 109: file z:/build/build/src/ipc[Child 2380, Chrome_ChildThread] WARNING: pipe error: 109: file z:/build/build/src/ipc/chromium/src/chrome/common/ipc_channel_win.cc, line 346
[Child 2380, Chrome_ChildThread] WARNING: pipe error: 10[Child 1356, Chrome_ChildThread] WARNING: pipe error: 109: file z:/build/build/src/ipc/chromium/src/chrome/common/ipc_channel_win.cc, line 346
[Child 1356, Chrome_ChildThread] WARNING: pipe error
###!!! [Child][MessageChannel::SendAndWait] Error: Channel error: cannot send/recv

1526913102314	geckodriver	INFO	geckodriver 0.19.1
1526913102323	geckodriver	INFO	Listening on 127.0.0.1:49194
1526913105562	mozrunner::runner	INFO	Running command: "C:\\Program Files\\Mozilla Firefox\\firefox.exe" "-marionette" "-profile" "C:\\Users\\kimoa\\AppData\\Local\\Temp\\rust_mozprofile.uYCKBoAEgPE6"
Unable to read VR Path Registry from C:\Users\kimoa\AppData\Local\openvr\openvrpaths.vrpath
1526913108400	Marionette	INFO	Enabled via --marionette
Unable to read VR Path Registry from C:\Users\kimoa\AppData\Local\openvr\openvrpaths.vrpath
Unable to read VR Path Registry from C:\Users\kimoa\AppData\Local\openvr\openvrpaths.vrpath
Unable to read VR Path Registry from C:\Users\kimoa\AppData\Local\openvr\openvrpaths.vrpath
Unable to read VR Path Registry from C:\Users\kimoa\AppData\Local\openvr\openvrpaths.vrpath
1526913114170	Marionette	INFO	Listening on port 49206
1526913115150	Marionette	WARN	TLS certificate errors will be ignored for this session
[Parent 21156, Gecko_IOThread] WARNING: pipe error: 109: file z:/build/build/src/ipc/chromium/src/chrome/common/ipc_channel_win.cc, line 346
[Child 9128, Chrome_ChildThread] WARNING: pipe error: 109: file z:/build/build/src/ipc/chromium/src/chrome/common/ipc_channel_win.cc, line 346
[Child 9116, Chrome_ChildThread] WARNING: pipe error: 109: file z:/build/build/src/ipc/chromium/src/chrome/common/ipc_channel_win.cc, line 346
[Child 9116, Chrome_ChildThread] [Child 13568, Chrome_ChildThread] WARNING: pipe error: 109: file z:/build/build/src/ipc/chromium/src/chrome/common/ipc_channel_win.cc, line 346
[Child 13568, Chr*** UTM:SVC TimerManager:registerTimer called after profile-before-change notification. Ignoring timer registration for id: telemetry_modules_ping

###!!! [Child][MessageChannel::SendAndWait] Error: Channel error: cannot send/recv

