1526762358106	geckodriver	INFO	geckodriver 0.19.1
1526762358113	geckodriver	INFO	Listening on 127.0.0.1:63971
1526762361423	mozrunner::runner	INFO	Running command: "C:\\Program Files\\Mozilla Firefox\\firefox.exe" "-marionette" "-profile" "C:\\Users\\kimoa\\AppData\\Local\\Temp\\rust_mozprofile.HOwUO07M84we"
Unable to read VR Path Registry from C:\Users\kimoa\AppData\Local\openvr\openvrpaths.vrpath
1526762363814	Marionette	INFO	Enabled via --marionette
Unable to read VR Path Registry from C:\Users\kimoa\AppData\Local\openvr\openvrpaths.vrpath
Unable to read VR Path Registry from C:\Users\kimoa\AppData\Local\openvr\openvrpaths.vrpath
Unable to read VR Path Registry from C:\Users\kimoa\AppData\Local\openvr\openvrpaths.vrpath
Unable to read VR Path Registry from C:\Users\kimoa\AppData\Local\openvr\openvrpaths.vrpath
1526762369522	Marionette	INFO	Listening on port 63979
1526762369862	Marionette	WARN	TLS certificate errors will be ignored for this session
[Child 12160, Chrome_ChildThread] WARNING: pipe error: 109: file z:/build/build/src/ipc/chromium/src/chrome/common/ipc_channel_win.cc, line 346
[Child 12160, Chrome[Child 14504, Chrome_ChildThread] WARNING: pipe error: 109: file z:/build/build/src/ipc/chromium/src/chrome/common/ipc_channel_win.cc, line 346
[Child 14504, Chrome_ChildThread] WARNING: pipe error: 109: file z:/build/build/src/ipc/chromium[Parent 20612, Gecko_IOThread] WARNING: pipe error: 109: file z:/build/build/src/ipc/chromium/src/chrome/common/ipc_channel_win.cc, line 346
[Child 18496, Chrome_ChildThread] WARNING: pipe error: 109: file z:/build/build/src/ipc/chromium/src/chrome/common/ipc_channel_win.cc, line 346
[Child 18496, Chrome_ChildThread] WARNING:*** UTM:SVC TimerManager:registerTimer called after profile-before-change notification. Ignoring timer registration for id: telemetry_modules_ping
[GPU 9180, Chrome_
###!!! [Child][MessageChannel::SendAndWait] Error: Channel error: cannot send/recv

1526901662336	geckodriver	INFO	geckodriver 0.19.1
1526901662343	geckodriver	INFO	Listening on 127.0.0.1:62689
